<?xml version="1.0" encoding="UTF-8"?>
<testng-results ignored="0" total="2" passed="2" failed="0" skipped="0">
  <reporter-output>
  </reporter-output>
  <suite started-at="2024-02-29T14:01:19 IST" name="Default suite" finished-at="2024-02-29T14:02:19 IST" duration-ms="60544">
    <groups>
    </groups>
    <test started-at="2024-02-29T14:01:19 IST" name="Default test" finished-at="2024-02-29T14:02:19 IST" duration-ms="60544">
      <class name="org.pratham.tests.OnboardingTest">
        <test-method is-config="true" signature="setup()[pri:0, instance:org.pratham.tests.OnboardingTest@b9b00e0]" started-at="2024-02-29T14:01:19 IST" name="setup" finished-at="2024-02-29T14:01:34 IST" duration-ms="14658" status="PASS">
          <reporter-output>
          </reporter-output>
        </test-method> <!-- setup -->
        <test-method signature="Login()[pri:1, instance:org.pratham.tests.OnboardingTest@b9b00e0]" started-at="2024-02-29T14:01:34 IST" name="Login" finished-at="2024-02-29T14:01:49 IST" duration-ms="15024" status="PASS">
          <reporter-output>
          </reporter-output>
        </test-method> <!-- Login -->
        <test-method is-config="true" signature="tearDown()[pri:0, instance:org.pratham.tests.OnboardingTest@b9b00e0]" started-at="2024-02-29T14:01:49 IST" name="tearDown" finished-at="2024-02-29T14:01:50 IST" duration-ms="1810" status="PASS">
          <reporter-output>
          </reporter-output>
        </test-method> <!-- tearDown -->
        <test-method is-config="true" signature="setup()[pri:0, instance:org.pratham.tests.OnboardingTest@b9b00e0]" started-at="2024-02-29T14:01:50 IST" name="setup" finished-at="2024-02-29T14:02:05 IST" duration-ms="14180" status="PASS">
          <reporter-output>
          </reporter-output>
        </test-method> <!-- setup -->
        <test-method signature="basicInfo()[pri:2, instance:org.pratham.tests.OnboardingTest@b9b00e0]" started-at="2024-02-29T14:02:05 IST" name="basicInfo" finished-at="2024-02-29T14:02:17 IST" duration-ms="12966" status="PASS">
          <reporter-output>
          </reporter-output>
        </test-method> <!-- basicInfo -->
        <test-method is-config="true" signature="tearDown()[pri:0, instance:org.pratham.tests.OnboardingTest@b9b00e0]" started-at="2024-02-29T14:02:17 IST" name="tearDown" finished-at="2024-02-29T14:02:19 IST" duration-ms="1817" status="PASS">
          <reporter-output>
          </reporter-output>
        </test-method> <!-- tearDown -->
      </class> <!-- org.pratham.tests.OnboardingTest -->
    </test> <!-- Default test -->
  </suite> <!-- Default suite -->
</testng-results>
